INFO     - 2024-09-07 21:05:19. Широта: 55.680351, Долгота: 37.676439, Радиус 5_000 м., Запрос: "баня" 
Название: Девятый вал
Страна:   RU
Адрес:    Коломенский Пр., д. 10, 115446, Москва
Рейтинг:  7.7
------------------------------------------------
Название: Турецкая баня Виктория
Страна:   RU
Адрес:    Варшавское ш., 69, Москва
Рейтинг:  None
-----------------------------------
Название: Усадьба Банная
Страна:   RU
Адрес:    Угрешская Ул., д. 2, 115088, Москва
Рейтинг:  7.5
---------------------------------------------
Название: Оздоровительный комплекс и кафе Люблинские бани
Страна:   RU
Адрес:    Люблинская Ул., д. 60, Москва
Рейтинг:  6.5
---------------------------------------------------------
Название: Салон красоты Bloom Room - Цены на услуги
Страна:   RU
Адрес:    Варшавское ш., 34, Москва
Рейтинг:  None
---------------------------------------------------
Название: Глобальные Заклепки
Страна:   RU
Адрес:    Варшавское ш. 37-а, Москва
Рейтинг:  None
------------------------------------
Название: Марьинские бани
Страна:   RU
Адрес:    Нижние поля Ул., д. 22а., Москва
Рейтинг:  None
------------------------------------------
Название: Интернет-магазин товаров для бани и сауны Баня-Shop
Страна:   RU
Адрес:    Ул. Речников, 19, Москва
Рейтинг:  None
-------------------------------------------------------------
Название: Русская баня
Страна:   RU
Адрес:    Загородное ш., 1 ст2, Москва
Рейтинг:  None
--------------------------------------
Название: Марьинская Общественная Баня
Страна:   RU
Адрес:    Нижние Поля 22, Москва
Рейтинг:  None
--------------------------------------

INFO     - 2024-09-07 21:26:12. Широта: 55.680351, Долгота: 37.676439, Радиус 5_000 м., Запрос: "баня" 
Название: Девятый вал
Страна:   RU
Адрес:    Коломенский Пр., д. 10, 115446, Москва
Рейтинг:  7.7
------------------------------------------------
Название: Турецкая баня Виктория
Страна:   RU
Адрес:    Варшавское ш., 69, Москва
Рейтинг:  None
-----------------------------------
Название: Усадьба Банная
Страна:   RU
Адрес:    Угрешская Ул., д. 2, 115088, Москва
Рейтинг:  7.5
---------------------------------------------
Название: Оздоровительный комплекс и кафе Люблинские бани
Страна:   RU
Адрес:    Люблинская Ул., д. 60, Москва
Рейтинг:  6.5
---------------------------------------------------------
Название: Салон красоты Bloom Room - Цены на услуги
Страна:   RU
Адрес:    Варшавское ш., 34, Москва
Рейтинг:  None
---------------------------------------------------
Название: Глобальные Заклепки
Страна:   RU
Адрес:    Варшавское ш. 37-а, Москва
Рейтинг:  None
------------------------------------
Название: Марьинские бани
Страна:   RU
Адрес:    Нижние поля Ул., д. 22а., Москва
Рейтинг:  None
------------------------------------------
Название: Интернет-магазин товаров для бани и сауны Баня-Shop
Страна:   RU
Адрес:    Ул. Речников, 19, Москва
Рейтинг:  None
-------------------------------------------------------------
Название: Русская баня
Страна:   RU
Адрес:    Загородное ш., 1 ст2, Москва
Рейтинг:  None
--------------------------------------
Название: Марьинская Общественная Баня
Страна:   RU
Адрес:    Нижние Поля 22, Москва
Рейтинг:  None
--------------------------------------

